<?xml version="1.0" encoding="UTF-8" standalone="no"?>
<testsuite failures="0" name="cucumber.runtime.formatter.JUnitFormatter" skipped="0" tests="2" time="16.805063">
<testcase classname="Exemplo de uso do cucumber em portugues em conjunto com Selenium" name="Acessar pagina do Google" time="3.846583">
<system-out><![CDATA[Dado que acesso a pagina do Google..........................................passed
Então valido se a pagina do Google foi acessada.............................passed
]]></system-out>
</testcase>
<testcase classname="Exemplo de uso do cucumber em portugues em conjunto com Selenium" name="Acessar pagina do Youtube" time="12.95848">
<system-out><![CDATA[Dado que acesso a pagina do Youtube.........................................passed
Então valido se a pagina do Youtube foi acessada............................passed
]]></system-out>
</testcase>
</testsuite>
